<?xml version="1.0" encoding="UTF-8"?>
<!-- Generated by org.testng.reporters.JUnitReportReporter -->
<testsuite hostname="OF060J7VPJ40X6N" failures="0" tests="1" name="org.sample.mavensample.Test1" time="0.039" errors="0" timestamp="2025-05-20T11:45:14 CST" skipped="0">
  <testcase classname="org.sample.mavensample.Test1" name="assignment" time="0.039"/>
</testsuite> <!-- org.sample.mavensample.Test1 -->
