<?xml version="1.0" encoding="UTF-8"?>
<!-- Generated by org.testng.reporters.JUnitReportReporter -->
<testsuite hostname="OF060J7VPJ40X6N" failures="0" tests="3" name="org.sample.excelDataProvider.dataProvide" time="0.004" errors="0" timestamp="2025-06-09T12:29:32 CST" skipped="0">
  <testcase classname="org.sample.excelDataProvider.dataProvide" name="testCaseData" time="0.004"/>
  <testcase classname="org.sample.excelDataProvider.dataProvide" name="testCaseData" time="0.000"/>
  <testcase classname="org.sample.excelDataProvider.dataProvide" name="testCaseData" time="0.000"/>
</testsuite> <!-- org.sample.excelDataProvider.dataProvide -->
