<?xml version="1.0" encoding="UTF-8"?>
<!-- Generated by org.testng.reporters.JUnitReportReporter -->
<testsuite hostname="OF060J7VPJ40X6N" failures="0" tests="1" name="org.sample.streamtutorial.Test1" time="0.003" errors="0" timestamp="2025-06-09T11:26:09 CST" skipped="0">
  <testcase classname="org.sample.streamtutorial.Test1" name="regular" time="0.003"/>
</testsuite> <!-- org.sample.streamtutorial.Test1 -->
