<?xml version="1.0" encoding="UTF-8"?>
<!-- Generated by org.testng.reporters.JUnitReportReporter -->
<testsuite hostname="OF060J7VPJ40X6N" failures="0" tests="5" name="test.TestNGDay1C3" time="0.022" errors="0" timestamp="2025-05-22T10:18:39 CST" skipped="0">
  <testcase classname="test.TestNGDay1C3" name="parameterTest" time="0.001"/>
  <testcase classname="test.TestNGDay1C3" name="mobLoginCar" time="0.008"/>
  <testcase classname="test.TestNGDay1C3" name="apiLoginCar" time="0.011"/>
  <testcase classname="test.TestNGDay1C3" name="webLoginCar" time="0.001"/>
  <testcase classname="test.TestNGDay1C3" name="chromeLogincar" time="0.001"/>
</testsuite> <!-- test.TestNGDay1C3 -->
