<?xml version="1.0" encoding="UTF-8"?>
<!-- Generated by org.testng.reporters.JUnitReportReporter -->
<testsuite hostname="OF060J7VPJ40X6N" failures="0" tests="1" name="javaOOS.PS1" time="0.016" errors="0" timestamp="2025-05-22T12:31:48 CST" skipped="0">
  <testcase classname="javaOOS.PS1" name="testRun" time="0.016"/>
</testsuite> <!-- javaOOS.PS1 -->
