<?xml version="1.0" encoding="UTF-8"?>
<!-- Generated by org.testng.reporters.JUnitReportReporter -->
<testsuite hostname="OF060J7VPJ40X6N" failures="0" tests="4" name="test.TestNGDay1C4" time="0.021" errors="0" timestamp="2025-05-22T10:18:39 CST" skipped="0">
  <testcase classname="test.TestNGDay1C4" name="webLoginHome" time="0.003"/>
  <testcase classname="test.TestNGDay1C4" name="apiLoginHome" time="0.012"/>
  <testcase classname="test.TestNGDay1C4" name="parameterTest" time="0.005"/>
  <testcase classname="test.TestNGDay1C4" name="mobLoginHome" time="0.001"/>
</testsuite> <!-- test.TestNGDay1C4 -->
