<?xml version="1.0" encoding="UTF-8"?>
<!-- Generated by org.testng.reporters.JUnitReportReporter -->
<testsuite hostname="OF060J7VPJ40X6N" failures="0" tests="6" name="test.TestNGDay1" time="0.008" errors="0" timestamp="2025-06-09T11:14:40 CST" skipped="0">
  <testcase classname="test.TestNGDay1" name="pickDataProvider" time="0.000"/>
  <testcase classname="test.TestNGDay1" name="pickDataProvider" time="0.001"/>
  <testcase classname="test.TestNGDay1" name="pickDataProvider" time="0.001"/>
  <testcase classname="test.TestNGDay1" name="methodForTestFail" time="0.002"/>
  <testcase classname="test.TestNGDay1" name="demo2" time="0.001"/>
  <testcase classname="test.TestNGDay1" name="demo1" time="0.003"/>
</testsuite> <!-- test.TestNGDay1 -->
