<?xml version="1.0" encoding="UTF-8"?>
<!-- Generated by org.testng.reporters.JUnitReportReporter -->
<testsuite hostname="OF060J7VPJ40X6N" failures="0" tests="4" name="test.TestNGDay1C2" time="0.002" errors="0" timestamp="2025-05-22T10:18:39 CST" skipped="0">
  <testcase classname="test.TestNGDay1C2" name="apiLoginbank" time="0.001"/>
  <testcase classname="test.TestNGDay1C2" name="webLoginBank" time="0.000"/>
  <testcase classname="test.TestNGDay1C2" name="parameterTest" time="0.001"/>
  <testcase classname="test.TestNGDay1C2" name="mobLoginbank" time="0.000"/>
</testsuite> <!-- test.TestNGDay1C2 -->
