<?xml version="1.0" encoding="UTF-8"?>
<!-- Generated by org.testng.reporters.JUnitReportReporter -->
<testsuite hostname="OF060J7VPJ40X6N" failures="0" tests="4" name="anooppandey.tests.ErrorValidationsTest" time="51.112" errors="0" timestamp="2025-05-30T12:43:47 CST" skipped="0">
  <testcase classname="anooppandey.tests.ErrorValidationsTest" name="loginErrorValidation" time="11.598"/>
  <testcase classname="anooppandey.tests.ErrorValidationsTest" name="productErrorValidation" time="13.225"/>
  <testcase classname="anooppandey.tests.ErrorValidationsTest" name="loginErrorValidation" time="7.525"/>
  <testcase classname="anooppandey.tests.ErrorValidationsTest" name="productErrorValidation" time="18.764"/>
</testsuite> <!-- anooppandey.tests.ErrorValidationsTest -->
