<?xml version="1.0" encoding="UTF-8"?>
<!-- Generated by org.testng.reporters.JUnitReportReporter -->
<testsuite hostname="OF060J7VPJ40X6N" failures="0" tests="1" name="anooppandey.tests.StandAloneTestCopy" time="31.734" errors="0" timestamp="2025-05-24T18:40:48 CST" skipped="0">
  <testcase classname="anooppandey.tests.StandAloneTestCopy" name="submitOrder" time="31.734"/>
</testsuite> <!-- anooppandey.tests.StandAloneTestCopy -->
