<?xml version="1.0" encoding="UTF-8"?>
<!-- Generated by org.testng.reporters.JUnitReportReporter -->
<testsuite hostname="OF060J7VPJ40X6N" failures="0" tests="2" name="anooppandey.tests.ErrorValidations" time="34.564" errors="0" timestamp="2025-05-25T13:26:28 CST" skipped="0">
  <testcase classname="anooppandey.tests.ErrorValidations" name="loginErrorValidation" time="12.072"/>
  <testcase classname="anooppandey.tests.ErrorValidations" name="productErrorValidation" time="22.492"/>
</testsuite> <!-- anooppandey.tests.ErrorValidations -->
