<?xml version="1.0" encoding="UTF-8"?>
<!-- Generated by org.testng.reporters.JUnitReportReporter -->
<testsuite hostname="OF060J7VPJ40X6N" failures="0" tests="1" name="anooppandey.tests.GoogleTest" time="8.043" errors="0" timestamp="2025-06-04T12:20:32 CST" skipped="0">
  <testcase classname="anooppandey.tests.GoogleTest" name="homePageClick" time="8.043"/>
</testsuite> <!-- anooppandey.tests.GoogleTest -->
