<?xml version="1.0" encoding="UTF-8"?>
<!-- Generated by org.testng.reporters.JUnitReportReporter -->
<testsuite hostname="OF060J7VPJ40X6N" failures="0" tests="1" name="anooppandey.tests.ZGridTestSachinOptions" time="17.904" errors="0" timestamp="2025-06-04T12:27:43 CST" skipped="0">
  <testcase classname="anooppandey.tests.ZGridTestSachinOptions" name="homePageClick" time="17.904"/>
</testsuite> <!-- anooppandey.tests.ZGridTestSachinOptions -->
