<?xml version="1.0" encoding="UTF-8"?>
<!-- Generated by org.testng.reporters.JUnitReportReporter -->
<testsuite hostname="OF060J7VPJ40X6N" failures="0" tests="4" name="anooppandey.tests.SubmitOrderTest" time="65.946" errors="0" timestamp="2025-05-30T12:43:47 CST" skipped="0">
  <testcase classname="anooppandey.tests.SubmitOrderTest" name="submitOrder" time="14.066"/>
  <testcase classname="anooppandey.tests.SubmitOrderTest" name="submitOrder" time="15.772"/>
  <testcase classname="anooppandey.tests.SubmitOrderTest" name="orderHistorytest" time="19.004"/>
  <testcase classname="anooppandey.tests.SubmitOrderTest" name="orderHistorytest" time="17.104"/>
</testsuite> <!-- anooppandey.tests.SubmitOrderTest -->
