<?xml version="1.0" encoding="UTF-8"?>
<!-- Generated by org.testng.reporters.JUnitReportReporter -->
<testsuite hostname="OF060J7VPJ40X6N" failures="0" tests="1" name="anooppandey.tests.ZGridTestViratOptions" time="9.306" errors="0" timestamp="2025-06-04T12:27:43 CST" skipped="0">
  <testcase classname="anooppandey.tests.ZGridTestViratOptions" name="homePageClick" time="9.306"/>
</testsuite> <!-- anooppandey.tests.ZGridTestViratOptions -->
