<?xml version="1.0" encoding="UTF-8"?>
<!-- Generated by org.testng.reporters.JUnitReportReporter -->
<testsuite hostname="OF060J7VPJ40X6N" failures="0" tests="1" name="cucumber.TestNGTestRunner" time="12.821" errors="0" timestamp="2025-06-02T14:16:01 CST" skipped="0">
  <testcase classname="cucumber.TestNGTestRunner" name="runScenario" time="12.821"/>
</testsuite> <!-- cucumber.TestNGTestRunner -->
