<?xml version="1.0" encoding="UTF-8"?>
<!-- Generated by org.testng.reporters.JUnitReportReporter -->
<testsuite hostname="OF060J7VPJ40X6N" failures="0" tests="1" name="anooppandey.ExtentReports.ExtentReportDemo" time="13.184" errors="0" timestamp="2025-05-27T19:58:11 CST" skipped="0">
  <testcase classname="anooppandey.ExtentReports.ExtentReportDemo" name="initialDemo" time="13.184"/>
</testsuite> <!-- anooppandey.ExtentReports.ExtentReportDemo -->
